 INFO (AuthFilter.java:48):/fav/favList
 WARN (AuthFilter.java:49):/fav/favList
ERROR (AuthFilter.java:50):/fav/favList
FATAL (AuthFilter.java:51):/fav/favList
 INFO (AuthFilter.java:48):/fav/favList
 WARN (AuthFilter.java:49):/fav/favList
ERROR (AuthFilter.java:50):/fav/favList
FATAL (AuthFilter.java:51):/fav/favList
 INFO (AuthFilter.java:48):/fav/favList
 WARN (AuthFilter.java:49):/fav/favList
ERROR (AuthFilter.java:50):/fav/favList
FATAL (AuthFilter.java:51):/fav/favList
 INFO (AuthFilter.java:48):/fav/favList
 WARN (AuthFilter.java:49):/fav/favList
ERROR (AuthFilter.java:50):/fav/favList
FATAL (AuthFilter.java:51):/fav/favList
 INFO (AuthFilter.java:48):/fav/favList
 WARN (AuthFilter.java:49):/fav/favList
ERROR (AuthFilter.java:50):/fav/favList
FATAL (AuthFilter.java:51):/fav/favList
FATAL (AuthFilter.java:51):/fav/favList
FATAL (AuthFilter.java:51):/bs3/vendor/bootstrap/css/bootstrap.min.css
FATAL (AuthFilter.java:51):/bs3/vendor/bootstrap/js/bootstrap.bundle.min.js
FATAL (AuthFilter.java:51):/bs3/vendor/jquery/jquery.min.js
FATAL (AuthFilter.java:51):/bs3/vendor/bootstrap/js/bootstrap.bundle.min.js.map
FATAL (AuthFilter.java:51):/bs3/vendor/bootstrap/css/bootstrap.min.css.map
FATAL (AuthFilter.java:51):/fav/favList
ERROR (AuthFilter.java:50):/fav/favList
FATAL (AuthFilter.java:51):/fav/favList
ERROR (AuthFilter.java:50):/fav/favList
FATAL (AuthFilter.java:51):/fav/favList
ERROR (AuthFilter.java:50):/fav/favList
FATAL (AuthFilter.java:51):/fav/favList
FATAL (AuthFilter.java:51):/fav/favList
FATAL (AuthFilter.java:51):/fav/favList
FATAL (AuthFilter.java:51):/bs3/vendor/bootstrap/css/bootstrap.min.css
FATAL (AuthFilter.java:51):/bs3/vendor/jquery/jquery.min.js
FATAL (AuthFilter.java:51):/bs3/vendor/bootstrap/js/bootstrap.bundle.min.js
FATAL (AuthFilter.java:51):/bs3/vendor/bootstrap/js/bootstrap.bundle.min.js.map
FATAL (AuthFilter.java:51):/bs3/vendor/bootstrap/css/bootstrap.min.css.map
